2021-07-02T17:58:32+00:00 CRITICAL Uncaught Error: Call to a member function get_cart() on null in C:\xampp\htdocs\namaste\wp-content\themes\Namaste\header.php:119
Stack trace:
#0 C:\xampp\htdocs\namaste\wp-includes\template.php(730): require_once()
#1 C:\xampp\htdocs\namaste\wp-includes\template.php(676): load_template('C:\\xampp\\htdocs...', true, Array)
#2 C:\xampp\htdocs\namaste\wp-includes\general-template.php(48): locate_template(Array, true, true, Array)
#3 C:\xampp\htdocs\namaste\wp-content\themes\Namaste\page-templates\empty.php(14): get_header()
#4 C:\xampp\htdocs\namaste\wp-includes\template-loader.php(106): include('C:\\xampp\\htdocs...')
#5 C:\xampp\htdocs\namaste\wp-blog-header.php(19): require_once('C:\\xampp\\htdocs...')
#6 C:\xampp\htdocs\namaste\index.php(17): require('C:\\xampp\\htdocs...')
#7 {main}
  thrown in C:\xampp\htdocs\namaste\wp-content\themes\Namaste\header.php on line 119

2021-07-02T17:59:11+00:00 CRITICAL Uncaught Error: Call to a member function get_cart_total() on null in C:\xampp\htdocs\namaste\wp-content\themes\Namaste\header.php:119
Stack trace:
#0 C:\xampp\htdocs\namaste\wp-includes\template.php(730): require_once()
#1 C:\xampp\htdocs\namaste\wp-includes\template.php(676): load_template('C:\\xampp\\htdocs...', true, Array)
#2 C:\xampp\htdocs\namaste\wp-includes\general-template.php(48): locate_template(Array, true, true, Array)
#3 C:\xampp\htdocs\namaste\wp-content\themes\Namaste\page-templates\empty.php(14): get_header()
#4 C:\xampp\htdocs\namaste\wp-includes\template-loader.php(106): include('C:\\xampp\\htdocs...')
#5 C:\xampp\htdocs\namaste\wp-blog-header.php(19): require_once('C:\\xampp\\htdocs...')
#6 C:\xampp\htdocs\namaste\index.php(17): require('C:\\xampp\\htdocs...')
#7 {main}
  thrown in C:\xampp\htdocs\namaste\wp-content\themes\Namaste\header.php on line 119

2021-07-02T18:00:16+00:00 CRITICAL Uncaught Error: Call to a member function get_cart_contents_count() on null in C:\xampp\htdocs\namaste\wp-content\themes\Namaste\header.php:119
Stack trace:
#0 C:\xampp\htdocs\namaste\wp-includes\template.php(730): require_once()
#1 C:\xampp\htdocs\namaste\wp-includes\template.php(676): load_template('C:\\xampp\\htdocs...', true, Array)
#2 C:\xampp\htdocs\namaste\wp-includes\general-template.php(48): locate_template(Array, true, true, Array)
#3 C:\xampp\htdocs\namaste\wp-content\themes\Namaste\page-templates\empty.php(14): get_header()
#4 C:\xampp\htdocs\namaste\wp-includes\template-loader.php(106): include('C:\\xampp\\htdocs...')
#5 C:\xampp\htdocs\namaste\wp-blog-header.php(19): require_once('C:\\xampp\\htdocs...')
#6 C:\xampp\htdocs\namaste\index.php(17): require('C:\\xampp\\htdocs...')
#7 {main}
  thrown in C:\xampp\htdocs\namaste\wp-content\themes\Namaste\header.php on line 119

2021-07-02T18:00:20+00:00 CRITICAL Uncaught Error: Call to a member function get_cart_contents_count() on null in C:\xampp\htdocs\namaste\wp-content\themes\Namaste\header.php:119
Stack trace:
#0 C:\xampp\htdocs\namaste\wp-includes\template.php(730): require_once()
#1 C:\xampp\htdocs\namaste\wp-includes\template.php(676): load_template('C:\\xampp\\htdocs...', true, Array)
#2 C:\xampp\htdocs\namaste\wp-includes\general-template.php(48): locate_template(Array, true, true, Array)
#3 C:\xampp\htdocs\namaste\wp-content\themes\Namaste\page-templates\empty.php(14): get_header()
#4 C:\xampp\htdocs\namaste\wp-includes\template-loader.php(106): include('C:\\xampp\\htdocs...')
#5 C:\xampp\htdocs\namaste\wp-blog-header.php(19): require_once('C:\\xampp\\htdocs...')
#6 C:\xampp\htdocs\namaste\index.php(17): require('C:\\xampp\\htdocs...')
#7 {main}
  thrown in C:\xampp\htdocs\namaste\wp-content\themes\Namaste\header.php on line 119

